<?xml version="1.0" encoding="UTF-8"?>
<!-- Generated by org.testng.reporters.JUnitReportReporter -->
<testsuite hostname="DESKTOP-T4EBB6R" failures="0" tests="1" name="script.Test2" time="56.826" errors="0" timestamp="2023-06-23T08:37:49 IST" skipped="0">
  <testcase classname="script.Test2" name="test1" time="56.826">
    <system-out>
      <![CDATA[test2...]]>
    </system-out>
  </testcase> <!-- test1 -->
  <system-out>
    <![CDATA[test2...]]>
  </system-out>
</testsuite> <!-- script.Test2 -->
